<?xml version="1.0" encoding="UTF-8"?>
<!-- Generated by org.testng.reporters.JUnitReportReporter -->
<testsuite hostname="MK-PC" failures="0" tests="1" name="com.runner.TestRUNNER" time="83.910" errors="0" timestamp="01 Jun 2020 05:17:13 GMT" skipped="0">
  <testcase classname="com.runner.TestRUNNER" name="feature" time="83.910"/>
</testsuite> <!-- com.runner.TestRUNNER -->
